============================================================
  Generated by:           Genus(TM) Synthesis Solution GENUS15.20 - 15.20-p004_1
  Generated on:           Feb 22 2025  11:16:28 pm
  Module:                 csa_32
  Wireload mode:          top
  Area mode:              timing library
============================================================

                                              
          Gate            Instances    Area                Library             
-------------------------------------------------------------------------------
sky130_fd_sc_hd__dfrtp_1        163  4078.912    sky130_fd_sc_hd__tt_025C_1v80 
sky130_fd_sc_hd__fa_1            63  1261.210    sky130_fd_sc_hd__tt_025C_1v80 
sky130_fd_sc_hd__ha_1             1    12.512    sky130_fd_sc_hd__tt_025C_1v80 
-------------------------------------------------------------------------------
total                           227  5352.634                                  


                                     
   Type    Instances   Area   Area % 
-------------------------------------
sequential       163 4078.912   76.2 
logic             64 1273.722   23.8 
-------------------------------------
total            227 5352.634  100.0 

