============================================================
  Generated by:           Genus(TM) Synthesis Solution GENUS15.20 - 15.20-p004_1
  Generated on:           Feb 22 2025  11:16:28 pm
  Module:                 csa_32
  Wireload mode:          top
  Area mode:              timing library
============================================================

Timing
--------

Clock Period 
-------------
clk   5000.0 


  Cost    Critical       Violating 
 Group   Path Slack TNS    Paths   
-----------------------------------
default      1899.8   0          0 
-----------------------------------
Total                 0          0 

Instance Count
--------------
Leaf Instance Count             227 
Sequential Instance Count       163 
Combinational Instance Count     64 
Hierarchical Instance Count       0 

Area
----
Cell Area                          5352.634
Physical Cell Area                 0.000
Total Cell Area (Cell+Physical)    5352.634
Net Area                           0.000
Total Area (Cell+Physical+Net)     5352.634

Max Fanout                         163 (clk)
Min Fanout                         1 (c1_reg[0])
Average Fanout                     1.8
Terms to net ratio                 2.5
Terms to instance ratio            4.3
Runtime                            7.607 seconds
Elapsed Runtime                    8 seconds
RC peak memory usage:              417.79 
EDI peak memory usage:             no_value 
Hostname                           centos7
