============================================================
  Generated by:           Genus(TM) Synthesis Solution GENUS15.20 - 15.20-p004_1
  Generated on:           Dec 29 2024  03:56:30 pm
  Module:                 modular_inversion
  Wireload mode:          top
  Area mode:              timing library
============================================================

Timing
--------

Clock Period 
-------------
clk   5000.0 


  Cost    Critical       Violating 
 Group   Path Slack TNS    Paths   
-----------------------------------
default         0.1   0          0 
-----------------------------------
Total                 0          0 

Instance Count
--------------
Leaf Instance Count             41114 
Sequential Instance Count        1558 
Combinational Instance Count    39556 
Hierarchical Instance Count         6 

Area
----
Cell Area                          240911.052
Physical Cell Area                 0.000
Total Cell Area (Cell+Physical)    240911.052
Net Area                           0.000
Total Area (Cell+Physical+Net)     240911.052

Max Fanout                         1558 (clk)
Min Fanout                         0 (q[152])
Average Fanout                     2.0
Terms to net ratio                 2.9
Terms to instance ratio            3.0
Runtime                            615.960 seconds
Elapsed Runtime                    792 seconds
RC peak memory usage:              620.19 
EDI peak memory usage:             no_value 
Hostname                           centos7
