============================================================
  Generated by:           Genus(TM) Synthesis Solution GENUS15.20 - 15.20-p004_1
  Generated on:           Dec 29 2024  03:56:41 pm
  Module:                 modular_inversion
  Wireload mode:          top
  Area mode:              timing library
============================================================

                                                  
           Gate             Instances     Area                 Library             
-----------------------------------------------------------------------------------
sky130_fd_sc_hd__a2111oi_0          2      17.517    sky130_fd_sc_hd__tt_025C_1v80 
sky130_fd_sc_hd__a211o_1            9      78.826    sky130_fd_sc_hd__tt_025C_1v80 
sky130_fd_sc_hd__a211oi_1          12      90.086    sky130_fd_sc_hd__tt_025C_1v80 
sky130_fd_sc_hd__a21bo_1            2      20.019    sky130_fd_sc_hd__tt_025C_1v80 
sky130_fd_sc_hd__a21boi_0           1       7.507    sky130_fd_sc_hd__tt_025C_1v80 
sky130_fd_sc_hd__a21boi_1          63     472.954    sky130_fd_sc_hd__tt_025C_1v80 
sky130_fd_sc_hd__a21boi_2           1      11.261    sky130_fd_sc_hd__tt_025C_1v80 
sky130_fd_sc_hd__a21o_1           191    1433.875    sky130_fd_sc_hd__tt_025C_1v80 
sky130_fd_sc_hd__a21o_2             1       8.758    sky130_fd_sc_hd__tt_025C_1v80 
sky130_fd_sc_hd__a21oi_1          922    4614.426    sky130_fd_sc_hd__tt_025C_1v80 
sky130_fd_sc_hd__a21oi_2            6      52.550    sky130_fd_sc_hd__tt_025C_1v80 
sky130_fd_sc_hd__a221o_1          631    6316.058    sky130_fd_sc_hd__tt_025C_1v80 
sky130_fd_sc_hd__a221oi_1          80     700.672    sky130_fd_sc_hd__tt_025C_1v80 
sky130_fd_sc_hd__a222oi_1         796    7967.642    sky130_fd_sc_hd__tt_025C_1v80 
sky130_fd_sc_hd__a22o_1           777    6805.277    sky130_fd_sc_hd__tt_025C_1v80 
sky130_fd_sc_hd__a22oi_1          580    4354.176    sky130_fd_sc_hd__tt_025C_1v80 
sky130_fd_sc_hd__a2bb2oi_1         69     604.330    sky130_fd_sc_hd__tt_025C_1v80 
sky130_fd_sc_hd__a31oi_1          479    2996.624    sky130_fd_sc_hd__tt_025C_1v80 
sky130_fd_sc_hd__a32oi_1           10      87.584    sky130_fd_sc_hd__tt_025C_1v80 
sky130_fd_sc_hd__and2_0            25     156.400    sky130_fd_sc_hd__tt_025C_1v80 
sky130_fd_sc_hd__and2_1           466    2915.296    sky130_fd_sc_hd__tt_025C_1v80 
sky130_fd_sc_hd__and2_2             1       7.507    sky130_fd_sc_hd__tt_025C_1v80 
sky130_fd_sc_hd__and2_4             1       8.758    sky130_fd_sc_hd__tt_025C_1v80 
sky130_fd_sc_hd__and2b_1            1       7.507    sky130_fd_sc_hd__tt_025C_1v80 
sky130_fd_sc_hd__and3_1            34     212.704    sky130_fd_sc_hd__tt_025C_1v80 
sky130_fd_sc_hd__and3b_1           64     560.538    sky130_fd_sc_hd__tt_025C_1v80 
sky130_fd_sc_hd__and4_1             6      52.550    sky130_fd_sc_hd__tt_025C_1v80 
sky130_fd_sc_hd__and4b_1            8      80.077    sky130_fd_sc_hd__tt_025C_1v80 
sky130_fd_sc_hd__buf_1           3535   13268.976    sky130_fd_sc_hd__tt_025C_1v80 
sky130_fd_sc_hd__buf_2             13      65.062    sky130_fd_sc_hd__tt_025C_1v80 
sky130_fd_sc_hd__buf_4              1       7.507    sky130_fd_sc_hd__tt_025C_1v80 
sky130_fd_sc_hd__buf_6              9     101.347    sky130_fd_sc_hd__tt_025C_1v80 
sky130_fd_sc_hd__clkbuf_1        2735   10266.096    sky130_fd_sc_hd__tt_025C_1v80 
sky130_fd_sc_hd__clkbuf_2          39     195.187    sky130_fd_sc_hd__tt_025C_1v80 
sky130_fd_sc_hd__clkinv_1        1194    4481.798    sky130_fd_sc_hd__tt_025C_1v80 
sky130_fd_sc_hd__clkinv_2           1       5.005    sky130_fd_sc_hd__tt_025C_1v80 
sky130_fd_sc_hd__dfrtp_1            1      25.024    sky130_fd_sc_hd__tt_025C_1v80 
sky130_fd_sc_hd__dfstp_1            3      78.826    sky130_fd_sc_hd__tt_025C_1v80 
sky130_fd_sc_hd__dfxbp_1          243    5776.790    sky130_fd_sc_hd__tt_025C_1v80 
sky130_fd_sc_hd__dfxbp_2            2      52.550    sky130_fd_sc_hd__tt_025C_1v80 
sky130_fd_sc_hd__dfxtp_1         1292   25864.805    sky130_fd_sc_hd__tt_025C_1v80 
sky130_fd_sc_hd__dfxtp_2           15     319.056    sky130_fd_sc_hd__tt_025C_1v80 
sky130_fd_sc_hd__fa_1               7     140.134    sky130_fd_sc_hd__tt_025C_1v80 
sky130_fd_sc_hd__fa_2               1      22.522    sky130_fd_sc_hd__tt_025C_1v80 
sky130_fd_sc_hd__fahcin_1           2      67.565    sky130_fd_sc_hd__tt_025C_1v80 
sky130_fd_sc_hd__ha_1             373    4666.976    sky130_fd_sc_hd__tt_025C_1v80 
sky130_fd_sc_hd__inv_1           8036   30163.930    sky130_fd_sc_hd__tt_025C_1v80 
sky130_fd_sc_hd__inv_2           1779    6677.654    sky130_fd_sc_hd__tt_025C_1v80 
sky130_fd_sc_hd__inv_4              3      18.768    sky130_fd_sc_hd__tt_025C_1v80 
sky130_fd_sc_hd__maj3_1             1      10.010    sky130_fd_sc_hd__tt_025C_1v80 
sky130_fd_sc_hd__mux2_1            18     202.694    sky130_fd_sc_hd__tt_025C_1v80 
sky130_fd_sc_hd__mux2i_1            5      50.048    sky130_fd_sc_hd__tt_025C_1v80 
sky130_fd_sc_hd__nand2_1         4284   16080.422    sky130_fd_sc_hd__tt_025C_1v80 
sky130_fd_sc_hd__nand2_2            1       6.256    sky130_fd_sc_hd__tt_025C_1v80 
sky130_fd_sc_hd__nand2b_1        1961   12268.016    sky130_fd_sc_hd__tt_025C_1v80 
sky130_fd_sc_hd__nand3_1          367    1836.762    sky130_fd_sc_hd__tt_025C_1v80 
sky130_fd_sc_hd__nand3b_1          54     405.389    sky130_fd_sc_hd__tt_025C_1v80 
sky130_fd_sc_hd__nand4_1           73     456.688    sky130_fd_sc_hd__tt_025C_1v80 
sky130_fd_sc_hd__nand4b_1          18     157.651    sky130_fd_sc_hd__tt_025C_1v80 
sky130_fd_sc_hd__nand4bb_1          4      45.043    sky130_fd_sc_hd__tt_025C_1v80 
sky130_fd_sc_hd__nor2_1          1797    6745.219    sky130_fd_sc_hd__tt_025C_1v80 
sky130_fd_sc_hd__nor2_2             2      12.512    sky130_fd_sc_hd__tt_025C_1v80 
sky130_fd_sc_hd__nor2b_1         1580    9884.480    sky130_fd_sc_hd__tt_025C_1v80 
sky130_fd_sc_hd__nor2b_2            1       8.758    sky130_fd_sc_hd__tt_025C_1v80 
sky130_fd_sc_hd__nor3_1            59     295.283    sky130_fd_sc_hd__tt_025C_1v80 
sky130_fd_sc_hd__nor3b_1           64     480.461    sky130_fd_sc_hd__tt_025C_1v80 
sky130_fd_sc_hd__nor4_1           146     913.376    sky130_fd_sc_hd__tt_025C_1v80 
sky130_fd_sc_hd__nor4b_1            8      70.067    sky130_fd_sc_hd__tt_025C_1v80 
sky130_fd_sc_hd__nor4bb_1           7      70.067    sky130_fd_sc_hd__tt_025C_1v80 
sky130_fd_sc_hd__o2111ai_1         43     376.611    sky130_fd_sc_hd__tt_025C_1v80 
sky130_fd_sc_hd__o211a_1            7      70.067    sky130_fd_sc_hd__tt_025C_1v80 
sky130_fd_sc_hd__o211ai_1         406    3047.923    sky130_fd_sc_hd__tt_025C_1v80 
sky130_fd_sc_hd__o21a_1           156    1171.123    sky130_fd_sc_hd__tt_025C_1v80 
sky130_fd_sc_hd__o21ai_0          120     600.576    sky130_fd_sc_hd__tt_025C_1v80 
sky130_fd_sc_hd__o21ai_1         1184    5925.683    sky130_fd_sc_hd__tt_025C_1v80 
sky130_fd_sc_hd__o21ai_2            4      35.034    sky130_fd_sc_hd__tt_025C_1v80 
sky130_fd_sc_hd__o21ba_1            2      20.019    sky130_fd_sc_hd__tt_025C_1v80 
sky130_fd_sc_hd__o21ba_2            1      10.010    sky130_fd_sc_hd__tt_025C_1v80 
sky130_fd_sc_hd__o21bai_1          74     555.533    sky130_fd_sc_hd__tt_025C_1v80 
sky130_fd_sc_hd__o21bai_2           1      11.261    sky130_fd_sc_hd__tt_025C_1v80 
sky130_fd_sc_hd__o221a_1           64     720.691    sky130_fd_sc_hd__tt_025C_1v80 
sky130_fd_sc_hd__o221a_2           15     168.912    sky130_fd_sc_hd__tt_025C_1v80 
sky130_fd_sc_hd__o221ai_1          92     805.773    sky130_fd_sc_hd__tt_025C_1v80 
sky130_fd_sc_hd__o22a_1            42     367.853    sky130_fd_sc_hd__tt_025C_1v80 
sky130_fd_sc_hd__o22ai_1          176    1101.056    sky130_fd_sc_hd__tt_025C_1v80 
sky130_fd_sc_hd__o2bb2ai_1       1760   15414.784    sky130_fd_sc_hd__tt_025C_1v80 
sky130_fd_sc_hd__o311a_1            2      20.019    sky130_fd_sc_hd__tt_025C_1v80 
sky130_fd_sc_hd__o311ai_1           4      35.034    sky130_fd_sc_hd__tt_025C_1v80 
sky130_fd_sc_hd__o31a_1             2      17.517    sky130_fd_sc_hd__tt_025C_1v80 
sky130_fd_sc_hd__o31ai_1            4      30.029    sky130_fd_sc_hd__tt_025C_1v80 
sky130_fd_sc_hd__o32a_1             1      10.010    sky130_fd_sc_hd__tt_025C_1v80 
sky130_fd_sc_hd__o32ai_1            1       8.758    sky130_fd_sc_hd__tt_025C_1v80 
sky130_fd_sc_hd__or2_0             83     519.248    sky130_fd_sc_hd__tt_025C_1v80 
sky130_fd_sc_hd__or2_1            189    1182.384    sky130_fd_sc_hd__tt_025C_1v80 
sky130_fd_sc_hd__or2_2             19     118.864    sky130_fd_sc_hd__tt_025C_1v80 
sky130_fd_sc_hd__or3_1              8      50.048    sky130_fd_sc_hd__tt_025C_1v80 
sky130_fd_sc_hd__or3b_1            17     148.893    sky130_fd_sc_hd__tt_025C_1v80 
sky130_fd_sc_hd__or3b_2             4      35.034    sky130_fd_sc_hd__tt_025C_1v80 
sky130_fd_sc_hd__or4_1              2      15.014    sky130_fd_sc_hd__tt_025C_1v80 
sky130_fd_sc_hd__or4b_1             3      30.029    sky130_fd_sc_hd__tt_025C_1v80 
sky130_fd_sc_hd__or4bb_1            2      22.522    sky130_fd_sc_hd__tt_025C_1v80 
sky130_fd_sc_hd__sdfrtp_1           2      62.560    sky130_fd_sc_hd__tt_025C_1v80 
sky130_fd_sc_hd__xnor2_1          354    3100.474    sky130_fd_sc_hd__tt_025C_1v80 
sky130_fd_sc_hd__xnor3_1           59    1328.774    sky130_fd_sc_hd__tt_025C_1v80 
sky130_fd_sc_hd__xor2_1          1238   10842.899    sky130_fd_sc_hd__tt_025C_1v80 
sky130_fd_sc_hd__xor3_1             1      23.773    sky130_fd_sc_hd__tt_025C_1v80 
-----------------------------------------------------------------------------------
total                           41114  240911.052                                  


                                       
   Type    Instances    Area    Area % 
---------------------------------------
sequential      1558  32179.611   13.4 
inverter       11013  41347.155   17.2 
buffer          6332  23904.176    9.9 
logic          22211 143480.109   59.6 
---------------------------------------
total          41114 240911.052  100.0 

