============================================================
  Generated by:           Genus(TM) Synthesis Solution GENUS15.20 - 15.20-p004_1
  Generated on:           Dec 29 2024  03:56:29 pm
  Module:                 modular_inversion
  Wireload mode:          top
  Area mode:              timing library
============================================================


Path 1: MET (0 ps) Late External Delay Assertion at pin c[183]
     Startpoint: (R) q_reg[29]/CLK
          Clock: (R) clk
       Endpoint: (F) c[183]
          Clock: (R) clk

                     Capture       Launch     
        Clock Edge:+    5000            0     
       Src Latency:+       0            0     
       Net Latency:+       0 (I)        0 (I) 
           Arrival:=    5000            0     
                                              
      Output Delay:-    2500                  
     Required Time:=    2500                  
      Launch Clock:-       0                  
         Data Path:-    2500                  
             Slack:=       0                  

#------------------------------------------------------------------------------------------------------------
#       Timing Point        Flags    Arc    Edge            Cell             Fanout Load Trans Delay Arrival 
#                                                                                   (fF)  (ps)  (ps)   (ps)  
#------------------------------------------------------------------------------------------------------------
  q_reg[29]/CLK             -       -       R     (arrival)                    1558    -     0     -       0 
  q_reg[29]/Q               -       CLK->Q  F     sky130_fd_sc_hd__dfxbp_1        3  7.5    52   314     314 
  fopt147584/Y              -       A->Y    R     sky130_fd_sc_hd__inv_1          2  5.3    54    69     383 
  fopt147583/Y              -       A->Y    F     sky130_fd_sc_hd__inv_1          2  5.0    31    49     432 
  add_14_40_g97523/Y        -       A->Y    R     sky130_fd_sc_hd__nand2_1        2  5.4    67    67     500 
  add_14_40_g96857/Y        -       B->Y    F     sky130_fd_sc_hd__nand2_1        2  5.0    47    69     568 
  add_14_40_g96766/Y        -       A->Y    R     sky130_fd_sc_hd__nand2_1        1  2.7    44    57     625 
  add_14_40_g96662/Y        -       A1->Y   F     sky130_fd_sc_hd__a21oi_1        1  2.5    49    56     681 
  add_14_40_g96593/Y        -       B->Y    R     sky130_fd_sc_hd__nor2_1         1  1.9    63    76     757 
  g173959/Y                 -       B1_N->Y R     sky130_fd_sc_hd__a21boi_2       2  5.5   108   167     924 
  add_14_40_g96472/Y        -       B->Y    F     sky130_fd_sc_hd__nand4_1        1  2.6    68    96    1021 
  add_14_40_g96453/Y        -       A->Y    R     sky130_fd_sc_hd__nand2_1        1  4.9    63    81    1102 
  add_14_40_g96452/Y        -       A->Y    F     sky130_fd_sc_hd__inv_2          2  6.8    26    47    1149 
  add_14_40_g96416/Y        -       A2->Y   R     sky130_fd_sc_hd__o21ai_2        2  5.3   110   117    1266 
  add_14_40_g96406_dup/Y    -       B->Y    F     sky130_fd_sc_hd__nand2_1        2  5.1    56    81    1347 
  add_14_40_g96349/Y        -       A->Y    R     sky130_fd_sc_hd__nand2_1        1  2.7    44    61    1408 
  add_14_40_g96344/Y        -       A->Y    F     sky130_fd_sc_hd__nand2_1        3  7.5    62    73    1480 
  add_14_40_g96256/Y        -       A->Y    R     sky130_fd_sc_hd__nand2_1        1  2.7    44    63    1544 
  add_14_40_g96252/Y        -       A->Y    F     sky130_fd_sc_hd__nand2_1        3  9.6    80    84    1627 
  add_14_40_drc_bufs98153/Y -       A->Y    R     sky130_fd_sc_hd__inv_2          3  9.0    53    80    1707 
  add_14_40_drc_bufs/Y      -       A->Y    F     sky130_fd_sc_hd__clkinv_1       2  5.1    49    71    1778 
  add_14_40_g96136/Y        -       A->Y    R     sky130_fd_sc_hd__nand2_1        1  2.7    44    58    1836 
  add_14_40_g96070/Y        -       A->Y    F     sky130_fd_sc_hd__nand2_1        2  5.7    50    63    1899 
  add_14_40_g98276/Y        -       B->Y    R     sky130_fd_sc_hd__nand2b_1       1  2.7    49    69    1968 
  add_14_40_g95943/Y        -       A->Y    F     sky130_fd_sc_hd__nand2_1        2  5.0    47    61    2030 
  add_14_40_g95868/Y        -       A->Y    R     sky130_fd_sc_hd__nand2_1        1  2.7    46    57    2087 
  add_14_40_g95824/Y        -       A->Y    F     sky130_fd_sc_hd__nand2_1        2  5.1    49    61    2148 
  add_14_40_g95781/Y        -       A2_N->Y F     sky130_fd_sc_hd__o2bb2ai_1      1  2.5    42   117    2265 
  g48290/Y                  -       B1->Y   R     sky130_fd_sc_hd__a22oi_1        1  2.8   148   135    2400 
  g169397/Y                 -       A1->Y   F     sky130_fd_sc_hd__o211ai_1       1  0.3    48    99    2499 
  c[183]                    -       -       F     (port)                          -    -     -     0    2500 
#------------------------------------------------------------------------------------------------------------



Path 2: MET (0 ps) Late External Delay Assertion at pin c[52]
     Startpoint: (R) q_reg[9]/CLK
          Clock: (R) clk
       Endpoint: (R) c[52]
          Clock: (R) clk

                     Capture       Launch     
        Clock Edge:+    5000            0     
       Src Latency:+       0            0     
       Net Latency:+       0 (I)        0 (I) 
           Arrival:=    5000            0     
                                              
      Output Delay:-    2500                  
     Required Time:=    2500                  
      Launch Clock:-       0                  
         Data Path:-    2500                  
             Slack:=       0                  

#-------------------------------------------------------------------------------------------------------
#     Timing Point       Flags    Arc   Edge           Cell             Fanout Load Trans Delay Arrival 
#                                                                              (fF)  (ps)  (ps)   (ps)  
#-------------------------------------------------------------------------------------------------------
  q_reg[9]/CLK           -       -      R     (arrival)                   1558    -     0     -       0 
  q_reg[9]/Q             -       CLK->Q R     sky130_fd_sc_hd__dfxtp_1       3  7.7    85   316     316 
  drc_bufs171976/Y       -       A->Y   F     sky130_fd_sc_hd__inv_1         1  2.5    28    46     361 
  drc_bufs171975/Y       -       A->Y   R     sky130_fd_sc_hd__inv_1         2  5.2    53    60     422 
  fopt141951/X           -       A->X   R     sky130_fd_sc_hd__clkbuf_1      3  7.1    94   120     542 
  sub_15_40_g57037/Y     -       A_N->Y R     sky130_fd_sc_hd__nand2b_1      2  5.0    70   126     668 
  sub_15_40_g55922/Y     -       B1->Y  F     sky130_fd_sc_hd__o21ai_1       3  7.5    79    94     761 
  sub_15_40_g55339/Y     -       A1->Y  R     sky130_fd_sc_hd__a21oi_1       2  5.5   159   173     934 
  sub_15_40_g54943/Y     -       A2->Y  F     sky130_fd_sc_hd__o21ai_1       2  6.8    76   106    1040 
  sub_15_40_g54732/Y     -       B->Y   R     sky130_fd_sc_hd__nand2_1       1  2.7    47    77    1117 
  sub_15_40_g54713/Y     -       A->Y   F     sky130_fd_sc_hd__nand2_1       1  2.5    33    48    1165 
  sub_15_40_g54517/Y     -       A2->Y  R     sky130_fd_sc_hd__a21oi_1       2  5.4   157   172    1336 
  sub_15_40_g54383/Y     -       A->Y   F     sky130_fd_sc_hd__nand2_1       1  2.6    51    70    1406 
  sub_15_40_g54381/Y     -       A->Y   R     sky130_fd_sc_hd__nand3_1       2  5.2    83    85    1492 
  sub_15_40_g54068/Y     -       A->Y   F     sky130_fd_sc_hd__nand2_1       1  2.6    37    56    1548 
  sub_15_40_g54053/Y     -       A->Y   R     sky130_fd_sc_hd__nand2_1       1  2.7    44    54    1602 
  sub_15_40_g53828/Y     -       B->Y   F     sky130_fd_sc_hd__nand2_1       2  5.7    50    67    1669 
  sub_15_40_g53827/Y     -       A->Y   R     sky130_fd_sc_hd__clkinv_1      1  2.7    26    47    1716 
  sub_15_40_g144263/Y    -       A->Y   F     sky130_fd_sc_hd__nand2_1       2  5.1    46    54    1770 
  sub_15_40_g53610_dup/Y -       A->Y   R     sky130_fd_sc_hd__nand2_1       2  4.7    61    69    1839 
  g147680/X              -       B->X   R     sky130_fd_sc_hd__and2_4        3 19.3    75   174    2013 
  drc_bufs48821/Y        -       A->Y   F     sky130_fd_sc_hd__inv_4         4 18.1    34    60    2073 
  drc_bufs48824/Y        -       A->Y   R     sky130_fd_sc_hd__inv_2         2 10.3    54    65    2138 
  drc_bufs169293/X       -       A->X   R     sky130_fd_sc_hd__buf_6         6 27.5    66   125    2263 
  g49654/Y               -       A->Y   F     sky130_fd_sc_hd__clkinv_1      4  9.7    84   103    2366 
  g47669/Y               -       A2->Y  R     sky130_fd_sc_hd__o211ai_1      1  0.3    98   134    2499 
  c[52]                  -       -      R     (port)                         -    -     -     0    2500 
#-------------------------------------------------------------------------------------------------------



Path 3: MET (0 ps) Late External Delay Assertion at pin c[57]
     Startpoint: (R) q_reg[9]/CLK
          Clock: (R) clk
       Endpoint: (R) c[57]
          Clock: (R) clk

                     Capture       Launch     
        Clock Edge:+    5000            0     
       Src Latency:+       0            0     
       Net Latency:+       0 (I)        0 (I) 
           Arrival:=    5000            0     
                                              
      Output Delay:-    2500                  
     Required Time:=    2500                  
      Launch Clock:-       0                  
         Data Path:-    2500                  
             Slack:=       0                  

#-------------------------------------------------------------------------------------------------------
#     Timing Point       Flags    Arc   Edge           Cell             Fanout Load Trans Delay Arrival 
#                                                                              (fF)  (ps)  (ps)   (ps)  
#-------------------------------------------------------------------------------------------------------
  q_reg[9]/CLK           -       -      R     (arrival)                   1558    -     0     -       0 
  q_reg[9]/Q             -       CLK->Q R     sky130_fd_sc_hd__dfxtp_1       3  7.7    85   316     316 
  drc_bufs171976/Y       -       A->Y   F     sky130_fd_sc_hd__inv_1         1  2.5    28    46     361 
  drc_bufs171975/Y       -       A->Y   R     sky130_fd_sc_hd__inv_1         2  5.2    53    60     422 
  fopt141951/X           -       A->X   R     sky130_fd_sc_hd__clkbuf_1      3  7.1    94   120     542 
  sub_15_40_g57037/Y     -       A_N->Y R     sky130_fd_sc_hd__nand2b_1      2  5.0    70   126     668 
  sub_15_40_g55922/Y     -       B1->Y  F     sky130_fd_sc_hd__o21ai_1       3  7.5    79    94     761 
  sub_15_40_g55339/Y     -       A1->Y  R     sky130_fd_sc_hd__a21oi_1       2  5.5   159   173     934 
  sub_15_40_g54943/Y     -       A2->Y  F     sky130_fd_sc_hd__o21ai_1       2  6.8    76   106    1040 
  sub_15_40_g54732/Y     -       B->Y   R     sky130_fd_sc_hd__nand2_1       1  2.7    47    77    1117 
  sub_15_40_g54713/Y     -       A->Y   F     sky130_fd_sc_hd__nand2_1       1  2.5    33    48    1165 
  sub_15_40_g54517/Y     -       A2->Y  R     sky130_fd_sc_hd__a21oi_1       2  5.4   157   172    1336 
  sub_15_40_g54383/Y     -       A->Y   F     sky130_fd_sc_hd__nand2_1       1  2.6    51    70    1406 
  sub_15_40_g54381/Y     -       A->Y   R     sky130_fd_sc_hd__nand3_1       2  5.2    83    85    1492 
  sub_15_40_g54068/Y     -       A->Y   F     sky130_fd_sc_hd__nand2_1       1  2.6    37    56    1548 
  sub_15_40_g54053/Y     -       A->Y   R     sky130_fd_sc_hd__nand2_1       1  2.7    44    54    1602 
  sub_15_40_g53828/Y     -       B->Y   F     sky130_fd_sc_hd__nand2_1       2  5.7    50    67    1669 
  sub_15_40_g53827/Y     -       A->Y   R     sky130_fd_sc_hd__clkinv_1      1  2.7    26    47    1716 
  sub_15_40_g144263/Y    -       A->Y   F     sky130_fd_sc_hd__nand2_1       2  5.1    46    54    1770 
  sub_15_40_g53610_dup/Y -       A->Y   R     sky130_fd_sc_hd__nand2_1       2  4.7    61    69    1839 
  g147680/X              -       B->X   R     sky130_fd_sc_hd__and2_4        3 19.3    75   174    2013 
  drc_bufs48821/Y        -       A->Y   F     sky130_fd_sc_hd__inv_4         4 18.1    34    60    2073 
  drc_bufs48824/Y        -       A->Y   R     sky130_fd_sc_hd__inv_2         2 10.3    54    65    2138 
  drc_bufs169293/X       -       A->X   R     sky130_fd_sc_hd__buf_6         6 27.5    66   125    2263 
  g49654/Y               -       A->Y   F     sky130_fd_sc_hd__clkinv_1      4  9.7    84   103    2366 
  g47659/Y               -       A2->Y  R     sky130_fd_sc_hd__o211ai_1      1  0.3    98   134    2499 
  c[57]                  -       -      R     (port)                         -    -     -     0    2500 
#-------------------------------------------------------------------------------------------------------



Path 4: MET (0 ps) Late External Delay Assertion at pin c[58]
     Startpoint: (R) q_reg[9]/CLK
          Clock: (R) clk
       Endpoint: (R) c[58]
          Clock: (R) clk

                     Capture       Launch     
        Clock Edge:+    5000            0     
       Src Latency:+       0            0     
       Net Latency:+       0 (I)        0 (I) 
           Arrival:=    5000            0     
                                              
      Output Delay:-    2500                  
     Required Time:=    2500                  
      Launch Clock:-       0                  
         Data Path:-    2500                  
             Slack:=       0                  

#-------------------------------------------------------------------------------------------------------
#     Timing Point       Flags    Arc   Edge           Cell             Fanout Load Trans Delay Arrival 
#                                                                              (fF)  (ps)  (ps)   (ps)  
#-------------------------------------------------------------------------------------------------------
  q_reg[9]/CLK           -       -      R     (arrival)                   1558    -     0     -       0 
  q_reg[9]/Q             -       CLK->Q R     sky130_fd_sc_hd__dfxtp_1       3  7.7    85   316     316 
  drc_bufs171976/Y       -       A->Y   F     sky130_fd_sc_hd__inv_1         1  2.5    28    46     361 
  drc_bufs171975/Y       -       A->Y   R     sky130_fd_sc_hd__inv_1         2  5.2    53    60     422 
  fopt141951/X           -       A->X   R     sky130_fd_sc_hd__clkbuf_1      3  7.1    94   120     542 
  sub_15_40_g57037/Y     -       A_N->Y R     sky130_fd_sc_hd__nand2b_1      2  5.0    70   126     668 
  sub_15_40_g55922/Y     -       B1->Y  F     sky130_fd_sc_hd__o21ai_1       3  7.5    79    94     761 
  sub_15_40_g55339/Y     -       A1->Y  R     sky130_fd_sc_hd__a21oi_1       2  5.5   159   173     934 
  sub_15_40_g54943/Y     -       A2->Y  F     sky130_fd_sc_hd__o21ai_1       2  6.8    76   106    1040 
  sub_15_40_g54732/Y     -       B->Y   R     sky130_fd_sc_hd__nand2_1       1  2.7    47    77    1117 
  sub_15_40_g54713/Y     -       A->Y   F     sky130_fd_sc_hd__nand2_1       1  2.5    33    48    1165 
  sub_15_40_g54517/Y     -       A2->Y  R     sky130_fd_sc_hd__a21oi_1       2  5.4   157   172    1336 
  sub_15_40_g54383/Y     -       A->Y   F     sky130_fd_sc_hd__nand2_1       1  2.6    51    70    1406 
  sub_15_40_g54381/Y     -       A->Y   R     sky130_fd_sc_hd__nand3_1       2  5.2    83    85    1492 
  sub_15_40_g54068/Y     -       A->Y   F     sky130_fd_sc_hd__nand2_1       1  2.6    37    56    1548 
  sub_15_40_g54053/Y     -       A->Y   R     sky130_fd_sc_hd__nand2_1       1  2.7    44    54    1602 
  sub_15_40_g53828/Y     -       B->Y   F     sky130_fd_sc_hd__nand2_1       2  5.7    50    67    1669 
  sub_15_40_g53827/Y     -       A->Y   R     sky130_fd_sc_hd__clkinv_1      1  2.7    26    47    1716 
  sub_15_40_g144263/Y    -       A->Y   F     sky130_fd_sc_hd__nand2_1       2  5.1    46    54    1770 
  sub_15_40_g53610_dup/Y -       A->Y   R     sky130_fd_sc_hd__nand2_1       2  4.7    61    69    1839 
  g147680/X              -       B->X   R     sky130_fd_sc_hd__and2_4        3 19.3    75   174    2013 
  drc_bufs48821/Y        -       A->Y   F     sky130_fd_sc_hd__inv_4         4 18.1    34    60    2073 
  drc_bufs48824/Y        -       A->Y   R     sky130_fd_sc_hd__inv_2         2 10.3    54    65    2138 
  drc_bufs169255/X       -       A->X   R     sky130_fd_sc_hd__buf_6         6 27.5    66   125    2263 
  g48833_dup/Y           -       A->Y   F     sky130_fd_sc_hd__clkinv_1      4  9.7    84   103    2366 
  g47658/Y               -       A2->Y  R     sky130_fd_sc_hd__o211ai_1      1  0.3    98   134    2499 
  c[58]                  -       -      R     (port)                         -    -     -     0    2500 
#-------------------------------------------------------------------------------------------------------



Path 5: MET (0 ps) Late External Delay Assertion at pin c[64]
     Startpoint: (R) q_reg[9]/CLK
          Clock: (R) clk
       Endpoint: (R) c[64]
          Clock: (R) clk

                     Capture       Launch     
        Clock Edge:+    5000            0     
       Src Latency:+       0            0     
       Net Latency:+       0 (I)        0 (I) 
           Arrival:=    5000            0     
                                              
      Output Delay:-    2500                  
     Required Time:=    2500                  
      Launch Clock:-       0                  
         Data Path:-    2500                  
             Slack:=       0                  

#-------------------------------------------------------------------------------------------------------
#     Timing Point       Flags    Arc   Edge           Cell             Fanout Load Trans Delay Arrival 
#                                                                              (fF)  (ps)  (ps)   (ps)  
#-------------------------------------------------------------------------------------------------------
  q_reg[9]/CLK           -       -      R     (arrival)                   1558    -     0     -       0 
  q_reg[9]/Q             -       CLK->Q R     sky130_fd_sc_hd__dfxtp_1       3  7.7    85   316     316 
  drc_bufs171976/Y       -       A->Y   F     sky130_fd_sc_hd__inv_1         1  2.5    28    46     361 
  drc_bufs171975/Y       -       A->Y   R     sky130_fd_sc_hd__inv_1         2  5.2    53    60     422 
  fopt141951/X           -       A->X   R     sky130_fd_sc_hd__clkbuf_1      3  7.1    94   120     542 
  sub_15_40_g57037/Y     -       A_N->Y R     sky130_fd_sc_hd__nand2b_1      2  5.0    70   126     668 
  sub_15_40_g55922/Y     -       B1->Y  F     sky130_fd_sc_hd__o21ai_1       3  7.5    79    94     761 
  sub_15_40_g55339/Y     -       A1->Y  R     sky130_fd_sc_hd__a21oi_1       2  5.5   159   173     934 
  sub_15_40_g54943/Y     -       A2->Y  F     sky130_fd_sc_hd__o21ai_1       2  6.8    76   106    1040 
  sub_15_40_g54732/Y     -       B->Y   R     sky130_fd_sc_hd__nand2_1       1  2.7    47    77    1117 
  sub_15_40_g54713/Y     -       A->Y   F     sky130_fd_sc_hd__nand2_1       1  2.5    33    48    1165 
  sub_15_40_g54517/Y     -       A2->Y  R     sky130_fd_sc_hd__a21oi_1       2  5.4   157   172    1336 
  sub_15_40_g54383/Y     -       A->Y   F     sky130_fd_sc_hd__nand2_1       1  2.6    51    70    1406 
  sub_15_40_g54381/Y     -       A->Y   R     sky130_fd_sc_hd__nand3_1       2  5.2    83    85    1492 
  sub_15_40_g54068/Y     -       A->Y   F     sky130_fd_sc_hd__nand2_1       1  2.6    37    56    1548 
  sub_15_40_g54053/Y     -       A->Y   R     sky130_fd_sc_hd__nand2_1       1  2.7    44    54    1602 
  sub_15_40_g53828/Y     -       B->Y   F     sky130_fd_sc_hd__nand2_1       2  5.7    50    67    1669 
  sub_15_40_g53827/Y     -       A->Y   R     sky130_fd_sc_hd__clkinv_1      1  2.7    26    47    1716 
  sub_15_40_g144263/Y    -       A->Y   F     sky130_fd_sc_hd__nand2_1       2  5.1    46    54    1770 
  sub_15_40_g53610_dup/Y -       A->Y   R     sky130_fd_sc_hd__nand2_1       2  4.7    61    69    1839 
  g147680/X              -       B->X   R     sky130_fd_sc_hd__and2_4        3 19.3    75   174    2013 
  drc_bufs48821/Y        -       A->Y   F     sky130_fd_sc_hd__inv_4         4 18.1    34    60    2073 
  drc_bufs48824/Y        -       A->Y   R     sky130_fd_sc_hd__inv_2         2 10.3    54    65    2138 
  drc_bufs169293/X       -       A->X   R     sky130_fd_sc_hd__buf_6         6 27.5    66   125    2263 
  g49654/Y               -       A->Y   F     sky130_fd_sc_hd__clkinv_1      4  9.7    84   103    2366 
  g47643/Y               -       A2->Y  R     sky130_fd_sc_hd__o211ai_1      1  0.3    98   134    2499 
  c[64]                  -       -      R     (port)                         -    -     -     0    2500 
#-------------------------------------------------------------------------------------------------------



Path 6: MET (0 ps) Late External Delay Assertion at pin c[180]
     Startpoint: (R) q_reg[9]/CLK
          Clock: (R) clk
       Endpoint: (R) c[180]
          Clock: (R) clk

                     Capture       Launch     
        Clock Edge:+    5000            0     
       Src Latency:+       0            0     
       Net Latency:+       0 (I)        0 (I) 
           Arrival:=    5000            0     
                                              
      Output Delay:-    2500                  
     Required Time:=    2500                  
      Launch Clock:-       0                  
         Data Path:-    2500                  
             Slack:=       0                  

#-------------------------------------------------------------------------------------------------------
#     Timing Point       Flags    Arc   Edge           Cell             Fanout Load Trans Delay Arrival 
#                                                                              (fF)  (ps)  (ps)   (ps)  
#-------------------------------------------------------------------------------------------------------
  q_reg[9]/CLK           -       -      R     (arrival)                   1558    -     0     -       0 
  q_reg[9]/Q             -       CLK->Q R     sky130_fd_sc_hd__dfxtp_1       3  7.7    85   316     316 
  drc_bufs171976/Y       -       A->Y   F     sky130_fd_sc_hd__inv_1         1  2.5    28    46     361 
  drc_bufs171975/Y       -       A->Y   R     sky130_fd_sc_hd__inv_1         2  5.2    53    60     422 
  fopt141951/X           -       A->X   R     sky130_fd_sc_hd__clkbuf_1      3  7.1    94   120     542 
  sub_15_40_g57037/Y     -       A_N->Y R     sky130_fd_sc_hd__nand2b_1      2  5.0    70   126     668 
  sub_15_40_g55922/Y     -       B1->Y  F     sky130_fd_sc_hd__o21ai_1       3  7.5    79    94     761 
  sub_15_40_g55339/Y     -       A1->Y  R     sky130_fd_sc_hd__a21oi_1       2  5.5   159   173     934 
  sub_15_40_g54943/Y     -       A2->Y  F     sky130_fd_sc_hd__o21ai_1       2  6.8    76   106    1040 
  sub_15_40_g54732/Y     -       B->Y   R     sky130_fd_sc_hd__nand2_1       1  2.7    47    77    1117 
  sub_15_40_g54713/Y     -       A->Y   F     sky130_fd_sc_hd__nand2_1       1  2.5    33    48    1165 
  sub_15_40_g54517/Y     -       A2->Y  R     sky130_fd_sc_hd__a21oi_1       2  5.4   157   172    1336 
  sub_15_40_g54383/Y     -       A->Y   F     sky130_fd_sc_hd__nand2_1       1  2.6    51    70    1406 
  sub_15_40_g54381/Y     -       A->Y   R     sky130_fd_sc_hd__nand3_1       2  5.2    83    85    1492 
  sub_15_40_g54068/Y     -       A->Y   F     sky130_fd_sc_hd__nand2_1       1  2.6    37    56    1548 
  sub_15_40_g54053/Y     -       A->Y   R     sky130_fd_sc_hd__nand2_1       1  2.7    44    54    1602 
  sub_15_40_g53828/Y     -       B->Y   F     sky130_fd_sc_hd__nand2_1       2  5.7    50    67    1669 
  sub_15_40_g53827/Y     -       A->Y   R     sky130_fd_sc_hd__clkinv_1      1  2.7    26    47    1716 
  sub_15_40_g144263/Y    -       A->Y   F     sky130_fd_sc_hd__nand2_1       2  5.1    46    54    1770 
  sub_15_40_g53610_dup/Y -       A->Y   R     sky130_fd_sc_hd__nand2_1       2  4.7    61    69    1839 
  g147680/X              -       B->X   R     sky130_fd_sc_hd__and2_4        3 19.3    75   174    2013 
  drc_bufs48821/Y        -       A->Y   F     sky130_fd_sc_hd__inv_4         4 18.1    34    60    2073 
  drc_bufs48824/Y        -       A->Y   R     sky130_fd_sc_hd__inv_2         2 10.3    54    65    2138 
  drc_bufs169255/X       -       A->X   R     sky130_fd_sc_hd__buf_6         6 27.5    66   125    2263 
  g48833_dup/Y           -       A->Y   F     sky130_fd_sc_hd__clkinv_1      4  9.7    84   103    2366 
  g47786/Y               -       A2->Y  R     sky130_fd_sc_hd__o211ai_1      1  0.3    98   134    2499 
  c[180]                 -       -      R     (port)                         -    -     -     0    2500 
#-------------------------------------------------------------------------------------------------------



Path 7: MET (0 ps) Late External Delay Assertion at pin c[189]
     Startpoint: (R) q_reg[9]/CLK
          Clock: (R) clk
       Endpoint: (R) c[189]
          Clock: (R) clk

                     Capture       Launch     
        Clock Edge:+    5000            0     
       Src Latency:+       0            0     
       Net Latency:+       0 (I)        0 (I) 
           Arrival:=    5000            0     
                                              
      Output Delay:-    2500                  
     Required Time:=    2500                  
      Launch Clock:-       0                  
         Data Path:-    2500                  
             Slack:=       0                  

#-------------------------------------------------------------------------------------------------------
#     Timing Point       Flags    Arc   Edge           Cell             Fanout Load Trans Delay Arrival 
#                                                                              (fF)  (ps)  (ps)   (ps)  
#-------------------------------------------------------------------------------------------------------
  q_reg[9]/CLK           -       -      R     (arrival)                   1558    -     0     -       0 
  q_reg[9]/Q             -       CLK->Q R     sky130_fd_sc_hd__dfxtp_1       3  7.7    85   316     316 
  drc_bufs171976/Y       -       A->Y   F     sky130_fd_sc_hd__inv_1         1  2.5    28    46     361 
  drc_bufs171975/Y       -       A->Y   R     sky130_fd_sc_hd__inv_1         2  5.2    53    60     422 
  fopt141951/X           -       A->X   R     sky130_fd_sc_hd__clkbuf_1      3  7.1    94   120     542 
  sub_15_40_g57037/Y     -       A_N->Y R     sky130_fd_sc_hd__nand2b_1      2  5.0    70   126     668 
  sub_15_40_g55922/Y     -       B1->Y  F     sky130_fd_sc_hd__o21ai_1       3  7.5    79    94     761 
  sub_15_40_g55339/Y     -       A1->Y  R     sky130_fd_sc_hd__a21oi_1       2  5.5   159   173     934 
  sub_15_40_g54943/Y     -       A2->Y  F     sky130_fd_sc_hd__o21ai_1       2  6.8    76   106    1040 
  sub_15_40_g54732/Y     -       B->Y   R     sky130_fd_sc_hd__nand2_1       1  2.7    47    77    1117 
  sub_15_40_g54713/Y     -       A->Y   F     sky130_fd_sc_hd__nand2_1       1  2.5    33    48    1165 
  sub_15_40_g54517/Y     -       A2->Y  R     sky130_fd_sc_hd__a21oi_1       2  5.4   157   172    1336 
  sub_15_40_g54383/Y     -       A->Y   F     sky130_fd_sc_hd__nand2_1       1  2.6    51    70    1406 
  sub_15_40_g54381/Y     -       A->Y   R     sky130_fd_sc_hd__nand3_1       2  5.2    83    85    1492 
  sub_15_40_g54068/Y     -       A->Y   F     sky130_fd_sc_hd__nand2_1       1  2.6    37    56    1548 
  sub_15_40_g54053/Y     -       A->Y   R     sky130_fd_sc_hd__nand2_1       1  2.7    44    54    1602 
  sub_15_40_g53828/Y     -       B->Y   F     sky130_fd_sc_hd__nand2_1       2  5.7    50    67    1669 
  sub_15_40_g53827/Y     -       A->Y   R     sky130_fd_sc_hd__clkinv_1      1  2.7    26    47    1716 
  sub_15_40_g144263/Y    -       A->Y   F     sky130_fd_sc_hd__nand2_1       2  5.1    46    54    1770 
  sub_15_40_g53610_dup/Y -       A->Y   R     sky130_fd_sc_hd__nand2_1       2  4.7    61    69    1839 
  g147680/X              -       B->X   R     sky130_fd_sc_hd__and2_4        3 19.3    75   174    2013 
  drc_bufs48821/Y        -       A->Y   F     sky130_fd_sc_hd__inv_4         4 18.1    34    60    2073 
  drc_bufs48824/Y        -       A->Y   R     sky130_fd_sc_hd__inv_2         2 10.3    54    65    2138 
  drc_bufs169293/X       -       A->X   R     sky130_fd_sc_hd__buf_6         6 27.5    66   125    2263 
  g49654/Y               -       A->Y   F     sky130_fd_sc_hd__clkinv_1      4  9.7    84   103    2366 
  g47751/Y               -       A2->Y  R     sky130_fd_sc_hd__o211ai_1      1  0.3    98   134    2499 
  c[189]                 -       -      R     (port)                         -    -     -     0    2500 
#-------------------------------------------------------------------------------------------------------



Path 8: MET (0 ps) Late External Delay Assertion at pin c[203]
     Startpoint: (R) q_reg[9]/CLK
          Clock: (R) clk
       Endpoint: (R) c[203]
          Clock: (R) clk

                     Capture       Launch     
        Clock Edge:+    5000            0     
       Src Latency:+       0            0     
       Net Latency:+       0 (I)        0 (I) 
           Arrival:=    5000            0     
                                              
      Output Delay:-    2500                  
     Required Time:=    2500                  
      Launch Clock:-       0                  
         Data Path:-    2500                  
             Slack:=       0                  

#-------------------------------------------------------------------------------------------------------
#     Timing Point       Flags    Arc   Edge           Cell             Fanout Load Trans Delay Arrival 
#                                                                              (fF)  (ps)  (ps)   (ps)  
#-------------------------------------------------------------------------------------------------------
  q_reg[9]/CLK           -       -      R     (arrival)                   1558    -     0     -       0 
  q_reg[9]/Q             -       CLK->Q R     sky130_fd_sc_hd__dfxtp_1       3  7.7    85   316     316 
  drc_bufs171976/Y       -       A->Y   F     sky130_fd_sc_hd__inv_1         1  2.5    28    46     361 
  drc_bufs171975/Y       -       A->Y   R     sky130_fd_sc_hd__inv_1         2  5.2    53    60     422 
  fopt141951/X           -       A->X   R     sky130_fd_sc_hd__clkbuf_1      3  7.1    94   120     542 
  sub_15_40_g57037/Y     -       A_N->Y R     sky130_fd_sc_hd__nand2b_1      2  5.0    70   126     668 
  sub_15_40_g55922/Y     -       B1->Y  F     sky130_fd_sc_hd__o21ai_1       3  7.5    79    94     761 
  sub_15_40_g55339/Y     -       A1->Y  R     sky130_fd_sc_hd__a21oi_1       2  5.5   159   173     934 
  sub_15_40_g54943/Y     -       A2->Y  F     sky130_fd_sc_hd__o21ai_1       2  6.8    76   106    1040 
  sub_15_40_g54732/Y     -       B->Y   R     sky130_fd_sc_hd__nand2_1       1  2.7    47    77    1117 
  sub_15_40_g54713/Y     -       A->Y   F     sky130_fd_sc_hd__nand2_1       1  2.5    33    48    1165 
  sub_15_40_g54517/Y     -       A2->Y  R     sky130_fd_sc_hd__a21oi_1       2  5.4   157   172    1336 
  sub_15_40_g54383/Y     -       A->Y   F     sky130_fd_sc_hd__nand2_1       1  2.6    51    70    1406 
  sub_15_40_g54381/Y     -       A->Y   R     sky130_fd_sc_hd__nand3_1       2  5.2    83    85    1492 
  sub_15_40_g54068/Y     -       A->Y   F     sky130_fd_sc_hd__nand2_1       1  2.6    37    56    1548 
  sub_15_40_g54053/Y     -       A->Y   R     sky130_fd_sc_hd__nand2_1       1  2.7    44    54    1602 
  sub_15_40_g53828/Y     -       B->Y   F     sky130_fd_sc_hd__nand2_1       2  5.7    50    67    1669 
  sub_15_40_g53827/Y     -       A->Y   R     sky130_fd_sc_hd__clkinv_1      1  2.7    26    47    1716 
  sub_15_40_g144263/Y    -       A->Y   F     sky130_fd_sc_hd__nand2_1       2  5.1    46    54    1770 
  sub_15_40_g53610_dup/Y -       A->Y   R     sky130_fd_sc_hd__nand2_1       2  4.7    61    69    1839 
  g147680/X              -       B->X   R     sky130_fd_sc_hd__and2_4        3 19.3    75   174    2013 
  drc_bufs48821/Y        -       A->Y   F     sky130_fd_sc_hd__inv_4         4 18.1    34    60    2073 
  drc_bufs48824/Y        -       A->Y   R     sky130_fd_sc_hd__inv_2         2 10.3    54    65    2138 
  drc_bufs169255/X       -       A->X   R     sky130_fd_sc_hd__buf_6         6 27.5    66   125    2263 
  g48833_dup/Y           -       A->Y   F     sky130_fd_sc_hd__clkinv_1      4  9.7    84   103    2366 
  g47677/Y               -       A2->Y  R     sky130_fd_sc_hd__o211ai_1      1  0.3    98   134    2499 
  c[203]                 -       -      R     (port)                         -    -     -     0    2500 
#-------------------------------------------------------------------------------------------------------



Path 9: MET (0 ps) Late External Delay Assertion at pin c[243]
     Startpoint: (R) q_reg[9]/CLK
          Clock: (R) clk
       Endpoint: (R) c[243]
          Clock: (R) clk

                     Capture       Launch     
        Clock Edge:+    5000            0     
       Src Latency:+       0            0     
       Net Latency:+       0 (I)        0 (I) 
           Arrival:=    5000            0     
                                              
      Output Delay:-    2500                  
     Required Time:=    2500                  
      Launch Clock:-       0                  
         Data Path:-    2500                  
             Slack:=       0                  

#-------------------------------------------------------------------------------------------------------
#     Timing Point       Flags    Arc   Edge           Cell             Fanout Load Trans Delay Arrival 
#                                                                              (fF)  (ps)  (ps)   (ps)  
#-------------------------------------------------------------------------------------------------------
  q_reg[9]/CLK           -       -      R     (arrival)                   1558    -     0     -       0 
  q_reg[9]/Q             -       CLK->Q R     sky130_fd_sc_hd__dfxtp_1       3  7.7    85   316     316 
  drc_bufs171976/Y       -       A->Y   F     sky130_fd_sc_hd__inv_1         1  2.5    28    46     361 
  drc_bufs171975/Y       -       A->Y   R     sky130_fd_sc_hd__inv_1         2  5.2    53    60     422 
  fopt141951/X           -       A->X   R     sky130_fd_sc_hd__clkbuf_1      3  7.1    94   120     542 
  sub_15_40_g57037/Y     -       A_N->Y R     sky130_fd_sc_hd__nand2b_1      2  5.0    70   126     668 
  sub_15_40_g55922/Y     -       B1->Y  F     sky130_fd_sc_hd__o21ai_1       3  7.5    79    94     761 
  sub_15_40_g55339/Y     -       A1->Y  R     sky130_fd_sc_hd__a21oi_1       2  5.5   159   173     934 
  sub_15_40_g54943/Y     -       A2->Y  F     sky130_fd_sc_hd__o21ai_1       2  6.8    76   106    1040 
  sub_15_40_g54732/Y     -       B->Y   R     sky130_fd_sc_hd__nand2_1       1  2.7    47    77    1117 
  sub_15_40_g54713/Y     -       A->Y   F     sky130_fd_sc_hd__nand2_1       1  2.5    33    48    1165 
  sub_15_40_g54517/Y     -       A2->Y  R     sky130_fd_sc_hd__a21oi_1       2  5.4   157   172    1336 
  sub_15_40_g54383/Y     -       A->Y   F     sky130_fd_sc_hd__nand2_1       1  2.6    51    70    1406 
  sub_15_40_g54381/Y     -       A->Y   R     sky130_fd_sc_hd__nand3_1       2  5.2    83    85    1492 
  sub_15_40_g54068/Y     -       A->Y   F     sky130_fd_sc_hd__nand2_1       1  2.6    37    56    1548 
  sub_15_40_g54053/Y     -       A->Y   R     sky130_fd_sc_hd__nand2_1       1  2.7    44    54    1602 
  sub_15_40_g53828/Y     -       B->Y   F     sky130_fd_sc_hd__nand2_1       2  5.7    50    67    1669 
  sub_15_40_g53827/Y     -       A->Y   R     sky130_fd_sc_hd__clkinv_1      1  2.7    26    47    1716 
  sub_15_40_g144263/Y    -       A->Y   F     sky130_fd_sc_hd__nand2_1       2  5.1    46    54    1770 
  sub_15_40_g53610_dup/Y -       A->Y   R     sky130_fd_sc_hd__nand2_1       2  4.7    61    69    1839 
  g147680/X              -       B->X   R     sky130_fd_sc_hd__and2_4        3 19.3    75   174    2013 
  drc_bufs48821/Y        -       A->Y   F     sky130_fd_sc_hd__inv_4         4 18.1    34    60    2073 
  drc_bufs48824/Y        -       A->Y   R     sky130_fd_sc_hd__inv_2         2 10.3    54    65    2138 
  drc_bufs169255/X       -       A->X   R     sky130_fd_sc_hd__buf_6         6 27.5    66   125    2263 
  g48833_dup/Y           -       A->Y   F     sky130_fd_sc_hd__clkinv_1      4  9.7    84   103    2366 
  g47645/Y               -       A2->Y  R     sky130_fd_sc_hd__o211ai_1      1  0.3    98   134    2499 
  c[243]                 -       -      R     (port)                         -    -     -     0    2500 
#-------------------------------------------------------------------------------------------------------



Path 10: MET (0 ps) Late External Delay Assertion at pin c[233]
     Startpoint: (R) q_reg[96]/CLK
          Clock: (R) clk
       Endpoint: (F) c[233]
          Clock: (R) clk

                     Capture       Launch     
        Clock Edge:+    5000            0     
       Src Latency:+       0            0     
       Net Latency:+       0 (I)        0 (I) 
           Arrival:=    5000            0     
                                              
      Output Delay:-    2500                  
     Required Time:=    2500                  
      Launch Clock:-       0                  
         Data Path:-    2500                  
             Slack:=       0                  

#-------------------------------------------------------------------------------------------------------
#     Timing Point       Flags    Arc   Edge           Cell             Fanout Load Trans Delay Arrival 
#                                                                              (fF)  (ps)  (ps)   (ps)  
#-------------------------------------------------------------------------------------------------------
  q_reg[96]/CLK          -       -      R     (arrival)                   1558    -     0     -       0 
  q_reg[96]/Q            -       CLK->Q F     sky130_fd_sc_hd__dfxtp_2       3  6.7    32   297     297 
  drc_bufs148900/X       -       A->X   F     sky130_fd_sc_hd__clkbuf_1      3  7.4    52   106     403 
  sub_15_40_g56853/Y     -       B->Y   R     sky130_fd_sc_hd__nand2_1       2  5.1    64    81     484 
  sub_15_40_g56186/Y     -       B->Y   F     sky130_fd_sc_hd__nand2_1       3  7.4    65    81     565 
  sub_15_40_g55776/Y     -       A->Y   R     sky130_fd_sc_hd__nor2_1        2  5.1   117   135     700 
  sub_15_40_g55570/Y     -       B->Y   F     sky130_fd_sc_hd__nand2_1       3  7.2    69    95     796 
  sub_15_40_g55202/Y     -       A->Y   R     sky130_fd_sc_hd__nor2_1        2  7.3   154   164     960 
  sub_15_40_g55095/Y     -       A->Y   F     sky130_fd_sc_hd__inv_2         1  2.6    31    43    1002 
  sub_15_40_g55067/Y     -       A->Y   R     sky130_fd_sc_hd__nor2_1        3  6.5   141   142    1144 
  sub_15_40_g54649/X     -       A->X   R     sky130_fd_sc_hd__and4_1        2  4.4    71   204    1347 
  sub_15_40_g54480/Y     -       A_N->Y R     sky130_fd_sc_hd__nand2b_1      1  2.8    51   102    1450 
  sub_15_40_g54450/Y     -       B->Y   F     sky130_fd_sc_hd__nor2_1        1  2.5    45    41    1491 
  sub_15_40_g54068/Y     -       B->Y   R     sky130_fd_sc_hd__nand2_1       1  2.7    44    65    1556 
  sub_15_40_g54053/Y     -       A->Y   F     sky130_fd_sc_hd__nand2_1       1  2.5    32    46    1602 
  sub_15_40_g53828/Y     -       B->Y   R     sky130_fd_sc_hd__nand2_1       2  6.2    74    81    1683 
  sub_15_40_g53827/Y     -       A->Y   F     sky130_fd_sc_hd__clkinv_1      1  2.6    35    62    1745 
  sub_15_40_g144263/Y    -       A->Y   R     sky130_fd_sc_hd__nand2_1       2  5.3    66    70    1815 
  sub_15_40_g53610_dup/Y -       A->Y   F     sky130_fd_sc_hd__nand2_1       2  4.3    44    62    1876 
  g147680/X              -       B->X   F     sky130_fd_sc_hd__and2_4        3 17.9    47   178    2054 
  drc_bufs48821/Y        -       A->Y   R     sky130_fd_sc_hd__inv_4         4 19.3    61    82    2136 
  drc_bufs151516/Y       -       A->Y   F     sky130_fd_sc_hd__inv_2         3 11.6    33    54    2190 
  drc_bufs133500/X       -       A->X   F     sky130_fd_sc_hd__buf_6         5 20.6    35   127    2318 
  g48832_dup/Y           -       A->Y   R     sky130_fd_sc_hd__inv_1         4 10.9    99    94    2412 
  g47614/Y               -       A1->Y  F     sky130_fd_sc_hd__o211ai_1      1  0.3    45    87    2499 
  c[233]                 -       -      F     (port)                         -    -     -     0    2500 
#-------------------------------------------------------------------------------------------------------

